{"/Users/niwa_kazuhiro/Documents/planB-Develop/webSystem-PJ/components/templates/ReportTemplate/AiTab.tsx": {"path":"/Users/niwa_kazuhiro/Documents/planB-Develop/webSystem-PJ/components/templates/ReportTemplate/AiTab.tsx","statementMap":{"0":{"start":{"line":14,"column":0},"end":{"line":14,"column":15}},"1":{"start":{"line":1,"column":14},"end":{"line":12,"column":null}},"2":{"start":{"line":14,"column":15},"end":{"line":14,"column":null}}},"fnMap":{"0":{"name":"(anonymous_1)","decl":{"start":{"line":1,"column":14},"end":{"line":1,"column":null}},"loc":{"start":{"line":1,"column":14},"end":{"line":12,"column":null}}}},"branchMap":{},"s":{"0":4,"1":1,"2":1},"f":{"0":4},"b":{}}
}
